[debug] [2021-07-27T18:56:15.691Z] ----------------------------------------------------------------------
[debug] [2021-07-27T18:56:15.697Z] Command:       C:\Program Files\nodejs\node.exe C:\Users\Leonardo\AppData\Roaming\npm\node_modules\firebase-tools\lib\bin\firebase.js login
[debug] [2021-07-27T18:56:15.698Z] CLI Version:   9.16.0
[debug] [2021-07-27T18:56:15.698Z] Platform:      win32
[debug] [2021-07-27T18:56:15.698Z] Node Version:  v14.17.3
[debug] [2021-07-27T18:56:15.701Z] Time:          Tue Jul 27 2021 15:56:15 GMT-0300 (Horário Padrão de Brasília)
[debug] [2021-07-27T18:56:15.702Z] ----------------------------------------------------------------------
[debug] 
[info] i  Firebase optionally collects CLI usage and error reporting information to help improve our products. Data is collected in accordance with Google's privacy policy (https://policies.google.com/privacy) and is not used to identify you.
 
[info] i  To change your data collection preference at any time, run `firebase logout` and log in again. 
[info] 
[info] Visit this URL on this device to log in:
[info] https://accounts.google.com/o/oauth2/auth?client_id=563584335869-fgrhgmd47bqnekij5i8b5pr03ho849e6.apps.googleusercontent.com&scope=email%20openid%20https%3A%2F%2Fwww.googleapis.com%2Fauth%2Fcloudplatformprojects.readonly%20https%3A%2F%2Fwww.googleapis.com%2Fauth%2Ffirebase%20https%3A%2F%2Fwww.googleapis.com%2Fauth%2Fcloud-platform&response_type=code&state=898025291&redirect_uri=http%3A%2F%2Flocalhost%3A9005
[info] 
[info] Waiting for authentication...
[debug] [2021-07-27T18:56:29.470Z] Error: spawn cmd ENOENT
    at Process.ChildProcess._handle.onexit (internal/child_process.js:269:19)
    at onErrorNT (internal/child_process.js:467:16)
    at processTicksAndRejections (internal/process/task_queues.js:82:21)
[error] 
[error] Error: An unexpected error has occurred.
[debug] [2021-07-27T18:57:13.371Z] ----------------------------------------------------------------------
[debug] [2021-07-27T18:57:13.376Z] Command:       C:\Program Files\nodejs\node.exe C:\Users\Leonardo\AppData\Roaming\npm\node_modules\firebase-tools\lib\bin\firebase.js login
[debug] [2021-07-27T18:57:13.377Z] CLI Version:   9.16.0
[debug] [2021-07-27T18:57:13.378Z] Platform:      win32
[debug] [2021-07-27T18:57:13.378Z] Node Version:  v14.17.3
[debug] [2021-07-27T18:57:13.381Z] Time:          Tue Jul 27 2021 15:57:13 GMT-0300 (Horário Padrão de Brasília)
[debug] [2021-07-27T18:57:13.382Z] ----------------------------------------------------------------------
[debug] 
[info] i  Firebase optionally collects CLI usage and error reporting information to help improve our products. Data is collected in accordance with Google's privacy policy (https://policies.google.com/privacy) and is not used to identify you.
 
[info] i  To change your data collection preference at any time, run `firebase logout` and log in again. 
[info] 
[info] Visit this URL on this device to log in:
[info] https://accounts.google.com/o/oauth2/auth?client_id=563584335869-fgrhgmd47bqnekij5i8b5pr03ho849e6.apps.googleusercontent.com&scope=email%20openid%20https%3A%2F%2Fwww.googleapis.com%2Fauth%2Fcloudplatformprojects.readonly%20https%3A%2F%2Fwww.googleapis.com%2Fauth%2Ffirebase%20https%3A%2F%2Fwww.googleapis.com%2Fauth%2Fcloud-platform&response_type=code&state=1012793137&redirect_uri=http%3A%2F%2Flocalhost%3A9005
[info] 
[info] Waiting for authentication...
[debug] [2021-07-27T18:57:17.064Z] Error: spawn cmd ENOENT
    at Process.ChildProcess._handle.onexit (internal/child_process.js:269:19)
    at onErrorNT (internal/child_process.js:467:16)
    at processTicksAndRejections (internal/process/task_queues.js:82:21)
[error] 
[error] Error: An unexpected error has occurred.
[debug] [2021-07-27T18:58:06.538Z] ----------------------------------------------------------------------
[debug] [2021-07-27T18:58:06.542Z] Command:       C:\Program Files\nodejs\node.exe C:\Users\Leonardo\AppData\Roaming\npm\node_modules\firebase-tools\lib\bin\firebase.js login
[debug] [2021-07-27T18:58:06.544Z] CLI Version:   9.16.0
[debug] [2021-07-27T18:58:06.544Z] Platform:      win32
[debug] [2021-07-27T18:58:06.544Z] Node Version:  v14.17.3
[debug] [2021-07-27T18:58:06.547Z] Time:          Tue Jul 27 2021 15:58:06 GMT-0300 (Horário Padrão de Brasília)
[debug] [2021-07-27T18:58:06.547Z] ----------------------------------------------------------------------
[debug] 
[info] i  Firebase optionally collects CLI usage and error reporting information to help improve our products. Data is collected in accordance with Google's privacy policy (https://policies.google.com/privacy) and is not used to identify you.
 
[info] i  To change your data collection preference at any time, run `firebase logout` and log in again. 
[info] 
[info] Visit this URL on this device to log in:
[info] https://accounts.google.com/o/oauth2/auth?client_id=563584335869-fgrhgmd47bqnekij5i8b5pr03ho849e6.apps.googleusercontent.com&scope=email%20openid%20https%3A%2F%2Fwww.googleapis.com%2Fauth%2Fcloudplatformprojects.readonly%20https%3A%2F%2Fwww.googleapis.com%2Fauth%2Ffirebase%20https%3A%2F%2Fwww.googleapis.com%2Fauth%2Fcloud-platform&response_type=code&state=671506787&redirect_uri=http%3A%2F%2Flocalhost%3A9005
[info] 
[info] Waiting for authentication...
[debug] [2021-07-27T18:58:08.785Z] Error: spawn cmd ENOENT
    at Process.ChildProcess._handle.onexit (internal/child_process.js:269:19)
    at onErrorNT (internal/child_process.js:467:16)
    at processTicksAndRejections (internal/process/task_queues.js:82:21)
[error] 
[error] Error: An unexpected error has occurred.
[debug] [2021-07-27T19:02:13.521Z] ----------------------------------------------------------------------
[debug] [2021-07-27T19:02:13.527Z] Command:       C:\Program Files\nodejs\node.exe C:\Users\Leonardo\AppData\Roaming\npm\node_modules\firebase-tools\lib\bin\firebase.js login
[debug] [2021-07-27T19:02:13.529Z] CLI Version:   9.16.0
[debug] [2021-07-27T19:02:13.529Z] Platform:      win32
[debug] [2021-07-27T19:02:13.529Z] Node Version:  v14.17.3
[debug] [2021-07-27T19:02:13.533Z] Time:          Tue Jul 27 2021 16:02:13 GMT-0300 (Horário Padrão de Brasília)
[debug] [2021-07-27T19:02:13.533Z] ----------------------------------------------------------------------
[debug] 
[info] i  Firebase optionally collects CLI usage and error reporting information to help improve our products. Data is collected in accordance with Google's privacy policy (https://policies.google.com/privacy) and is not used to identify you.
 
[info] i  To change your data collection preference at any time, run `firebase logout` and log in again. 
[info] 
[info] Visit this URL on this device to log in:
[info] https://accounts.google.com/o/oauth2/auth?client_id=563584335869-fgrhgmd47bqnekij5i8b5pr03ho849e6.apps.googleusercontent.com&scope=email%20openid%20https%3A%2F%2Fwww.googleapis.com%2Fauth%2Fcloudplatformprojects.readonly%20https%3A%2F%2Fwww.googleapis.com%2Fauth%2Ffirebase%20https%3A%2F%2Fwww.googleapis.com%2Fauth%2Fcloud-platform&response_type=code&state=285249411&redirect_uri=http%3A%2F%2Flocalhost%3A9005
[info] 
[info] Waiting for authentication...
[debug] [2021-07-27T19:02:15.107Z] Error: spawn cmd ENOENT
    at Process.ChildProcess._handle.onexit (internal/child_process.js:269:19)
    at onErrorNT (internal/child_process.js:467:16)
    at processTicksAndRejections (internal/process/task_queues.js:82:21)
[error] 
[error] Error: An unexpected error has occurred.
